15:46:09:387  INFO 19120 --- [main] com.hmall.cart.CartApplication           : The following 1 profile is active: "local"
15:46:09:954  INFO 19120 --- [main] .s.d.r.c.RepositoryConfigurationDelegate : Multiple Spring Data modules found, entering strict repository configuration mode
15:46:09:956  INFO 19120 --- [main] .s.d.r.c.RepositoryConfigurationDelegate : Bootstrapping Spring Data Redis repositories in DEFAULT mode.
15:46:09:976  INFO 19120 --- [main] .s.d.r.c.RepositoryConfigurationDelegate : Finished Spring Data repository scanning in 6 ms. Found 0 Redis repository interfaces.
15:46:10:154  INFO 19120 --- [main] o.s.cloud.context.scope.GenericScope     : BeanFactory id=2005fbf8-e174-38f3-847d-dab0133b63bc
15:46:10:630  INFO 19120 --- [main] o.s.b.w.embedded.tomcat.TomcatWebServer  : Tomcat initialized with port(s): 8082 (http)
15:46:10:638  INFO 19120 --- [main] o.apache.catalina.core.StandardService   : Starting service [Tomcat]
15:46:10:639  INFO 19120 --- [main] org.apache.catalina.core.StandardEngine  : Starting Servlet engine: [Apache Tomcat/9.0.75]
15:46:10:785  INFO 19120 --- [main] o.a.c.c.C.[Tomcat].[localhost].[/]       : Initializing Spring embedded WebApplicationContext
15:46:10:785  INFO 19120 --- [main] w.s.c.ServletWebServerApplicationContext : Root WebApplicationContext: initialization completed in 1383 ms
15:46:11:017  INFO 19120 --- [main] o.s.c.openfeign.FeignClientFactoryBean   : For 'item-service' URL not provided. Will try picking an instance via load-balancing.
15:46:11:556  INFO 19120 --- [main] c.a.c.sentinel.SentinelWebMvcConfigurer  : [Sentinel Starter] register SentinelWebInterceptor with urlPatterns: [/**].
15:46:12:953  INFO 19120 --- [main] o.s.cloud.commons.util.InetUtils         : Cannot determine local hostname
15:46:12:985  INFO 19120 --- [main] pertySourcedRequestMappingHandlerMapping : Mapped URL path [/v2/api-docs] onto method [springfox.documentation.swagger2.web.Swagger2ControllerWebMvc#getDocumentation(String, HttpServletRequest)]
15:46:14:511  INFO 19120 --- [main] o.s.cloud.commons.util.InetUtils         : Cannot determine local hostname
15:46:14:619  INFO 19120 --- [main] com.alibaba.nacos.common.remote.client   : [RpcClientFactory] create a new rpc client of e2dbb8de-5f78-4b81-a490-67a95acd676a
15:46:14:619  INFO 19120 --- [main] com.alibaba.nacos.common.remote.client   : [e2dbb8de-5f78-4b81-a490-67a95acd676a] RpcClient init label, labels = {module=naming, source=sdk}
15:46:14:620  INFO 19120 --- [main] com.alibaba.nacos.common.remote.client   : [e2dbb8de-5f78-4b81-a490-67a95acd676a] RpcClient init, ServerListFactory = com.alibaba.nacos.client.naming.core.ServerListManager
15:46:14:620  INFO 19120 --- [main] com.alibaba.nacos.common.remote.client   : [e2dbb8de-5f78-4b81-a490-67a95acd676a] Registry connection listener to current client:com.alibaba.nacos.client.naming.remote.gprc.redo.NamingGrpcRedoService
15:46:14:621  INFO 19120 --- [main] com.alibaba.nacos.common.remote.client   : [e2dbb8de-5f78-4b81-a490-67a95acd676a] Register server push request handler:com.alibaba.nacos.client.naming.remote.gprc.NamingPushRequestHandler
15:46:14:621  INFO 19120 --- [main] com.alibaba.nacos.common.remote.client   : [e2dbb8de-5f78-4b81-a490-67a95acd676a] Try to connect to server on start up, server: {serverIp = '192.168.57.131', server main port = 8848}
15:46:14:740  INFO 19120 --- [main] com.alibaba.nacos.common.remote.client   : [e2dbb8de-5f78-4b81-a490-67a95acd676a] Success to connect to server [192.168.57.131:8848] on start up, connectionId = 1733471174531_192.168.57.1_50514
15:46:14:740  INFO 19120 --- [main] com.alibaba.nacos.common.remote.client   : [e2dbb8de-5f78-4b81-a490-67a95acd676a] Register server push request handler:com.alibaba.nacos.common.remote.client.RpcClient$ConnectResetRequestHandler
15:46:14:740  INFO 19120 --- [com.alibaba.nacos.client.remote.worker] com.alibaba.nacos.common.remote.client   : [e2dbb8de-5f78-4b81-a490-67a95acd676a] Notify connected event to listeners.
15:46:14:740  INFO 19120 --- [main] com.alibaba.nacos.common.remote.client   : [e2dbb8de-5f78-4b81-a490-67a95acd676a] Register server push request handler:com.alibaba.nacos.common.remote.client.RpcClient$$Lambda$484/0x00000008010e7028
15:46:14:781  INFO 19120 --- [main] o.s.b.w.embedded.tomcat.TomcatWebServer  : Tomcat started on port(s): 8082 (http) with context path ''
15:46:14:794  INFO 19120 --- [main] c.a.c.n.registry.NacosServiceRegistry    : nacos registry, DEFAULT_GROUP cart-service 192.168.255.1:8082 register finished
15:46:15:347  INFO 19120 --- [nacos-grpc-client-executor-7] com.alibaba.nacos.common.remote.client   : [e2dbb8de-5f78-4b81-a490-67a95acd676a] Receive server push request, request = NotifySubscriberRequest, requestId = 3
15:46:15:349  INFO 19120 --- [nacos-grpc-client-executor-7] com.alibaba.nacos.common.remote.client   : [e2dbb8de-5f78-4b81-a490-67a95acd676a] Ack server push request, request = NotifySubscriberRequest, requestId = 3
15:46:16:019  INFO 19120 --- [main] o.s.cloud.commons.util.InetUtils         : Cannot determine local hostname
15:46:16:019  INFO 19120 --- [main] d.s.w.p.DocumentationPluginsBootstrapper : Documentation plugins bootstrapped
15:46:16:022  INFO 19120 --- [main] d.s.w.p.DocumentationPluginsBootstrapper : Found 1 custom documentation plugin(s)
15:46:16:037  INFO 19120 --- [main] s.d.s.w.s.ApiListingReferenceScanner     : Scanning for api listing references
15:46:16:104  INFO 19120 --- [main] com.hmall.cart.CartApplication           : Started CartApplication in 11.156 seconds (JVM running for 11.852)
15:46:16:109  INFO 19120 --- [main] c.a.c.n.refresh.NacosContextRefresher    : [Nacos Config] Listening config: dataId=cart-service, group=DEFAULT_GROUP
15:46:16:109  INFO 19120 --- [main] c.a.c.n.refresh.NacosContextRefresher    : [Nacos Config] Listening config: dataId=cart-service.yaml, group=DEFAULT_GROUP
15:46:16:109  INFO 19120 --- [main] c.a.c.n.refresh.NacosContextRefresher    : [Nacos Config] Listening config: dataId=cart-service-local.yaml, group=DEFAULT_GROUP
16:13:46:725  INFO 19120 --- [http-nio-8082-exec-1] o.a.c.c.C.[Tomcat].[localhost].[/]       : Initializing Spring DispatcherServlet 'dispatcherServlet'
16:13:46:726  INFO 19120 --- [http-nio-8082-exec-1] o.s.web.servlet.DispatcherServlet        : Initializing Servlet 'dispatcherServlet'
16:13:46:728  INFO 19120 --- [http-nio-8082-exec-1] o.s.web.servlet.DispatcherServlet        : Completed initialization in 2 ms
16:13:47:004  INFO 19120 --- [http-nio-8082-exec-1] com.zaxxer.hikari.HikariDataSource       : HikariPool-1 - Starting...
16:13:47:368  INFO 19120 --- [http-nio-8082-exec-1] com.zaxxer.hikari.HikariDataSource       : HikariPool-1 - Start completed.
16:13:47:376 DEBUG 19120 --- [http-nio-8082-exec-1] c.h.cart.mapper.CartMapper.selectList    : ==>  Preparing: SELECT id,user_id,item_id,num,name,spec,price,image,create_time,update_time FROM cart WHERE (user_id = ?)
16:13:47:403 DEBUG 19120 --- [http-nio-8082-exec-1] c.h.cart.mapper.CartMapper.selectList    : ==> Parameters: 1(Long)
16:13:47:563 DEBUG 19120 --- [http-nio-8082-exec-1] c.h.cart.mapper.CartMapper.selectList    : <==      Total: 2
16:13:47:619 DEBUG 19120 --- [http-nio-8082-exec-1] com.hmall.api.client.ItemClient          : [ItemClient#queryItemByIds] ---> GET http://item-service/items?ids=40305713537&ids=8533120 HTTP/1.1
16:13:47:619 DEBUG 19120 --- [http-nio-8082-exec-1] com.hmall.api.client.ItemClient          : [ItemClient#queryItemByIds] user-info: 1
16:13:47:619 DEBUG 19120 --- [http-nio-8082-exec-1] com.hmall.api.client.ItemClient          : [ItemClient#queryItemByIds] ---> END HTTP (0-byte body)
16:13:48:231  INFO 19120 --- [nacos-grpc-client-executor-354] com.alibaba.nacos.common.remote.client   : [e2dbb8de-5f78-4b81-a490-67a95acd676a] Receive server push request, request = NotifySubscriberRequest, requestId = 14
16:13:48:231  INFO 19120 --- [nacos-grpc-client-executor-354] com.alibaba.nacos.common.remote.client   : [e2dbb8de-5f78-4b81-a490-67a95acd676a] Ack server push request, request = NotifySubscriberRequest, requestId = 14
16:13:48:313 DEBUG 19120 --- [http-nio-8082-exec-1] com.hmall.api.client.ItemClient          : [ItemClient#queryItemByIds] <--- HTTP/1.1 200  (692ms)
16:13:48:313 DEBUG 19120 --- [http-nio-8082-exec-1] com.hmall.api.client.ItemClient          : [ItemClient#queryItemByIds] connection: keep-alive
16:13:48:313 DEBUG 19120 --- [http-nio-8082-exec-1] com.hmall.api.client.ItemClient          : [ItemClient#queryItemByIds] content-type: application/json
16:13:48:313 DEBUG 19120 --- [http-nio-8082-exec-1] com.hmall.api.client.ItemClient          : [ItemClient#queryItemByIds] date: Fri, 06 Dec 2024 08:13:48 GMT
16:13:48:313 DEBUG 19120 --- [http-nio-8082-exec-1] com.hmall.api.client.ItemClient          : [ItemClient#queryItemByIds] keep-alive: timeout=60
16:13:48:313 DEBUG 19120 --- [http-nio-8082-exec-1] com.hmall.api.client.ItemClient          : [ItemClient#queryItemByIds] transfer-encoding: chunked
16:13:48:313 DEBUG 19120 --- [http-nio-8082-exec-1] com.hmall.api.client.ItemClient          : [ItemClient#queryItemByIds] 
16:13:48:314 DEBUG 19120 --- [http-nio-8082-exec-1] com.hmall.api.client.ItemClient          : [ItemClient#queryItemByIds] [{"id":8533120,"name":"海尔 （Haier ）LQ65H31 65英寸 4K曲面人工智能全面屏超高清LED液晶电视","price":379500,"stock":10000,"image":"https://m.360buyimg.com/mobilecms/s720x720_jfs/t1/2851/14/13998/101463/5bd9723cE81b2c299/1bfdf2d1628648e4.jpg!q70.jpg.webp","category":"曲面电视","brand":"海尔","spec":"{}","sold":0,"commentCount":0,"isAD":false,"status":1},{"id":40305713537,"name":"【官方正品 品牌直营】奥古狮登小白鞋女秋季透气2018新款百搭韩版休闲鞋运动鞋女鞋厚底板鞋女 浅蓝【厚底】 41","price":35400,"stock":10000,"image":"https://m.360buyimg.com/mobilecms/s720x720_jfs/t1/14147/34/2890/275451/5c225484Ebd346404/e61513be4639ee2e.jpg!q70.jpg.webp","category":"休闲鞋","brand":"奥古狮登","spec":"{\"颜色\": \"金色\", \"尺码\": \"41\"}","sold":0,"commentCount":0,"isAD":false,"status":1}]
16:13:48:314 DEBUG 19120 --- [http-nio-8082-exec-1] com.hmall.api.client.ItemClient          : [ItemClient#queryItemByIds] <--- END HTTP (872-byte body)
16:16:18:992 DEBUG 19120 --- [http-nio-8082-exec-3] c.h.cart.mapper.CartMapper.selectList    : ==>  Preparing: SELECT id,user_id,item_id,num,name,spec,price,image,create_time,update_time FROM cart WHERE (user_id = ?)
16:16:18:993 DEBUG 19120 --- [http-nio-8082-exec-3] c.h.cart.mapper.CartMapper.selectList    : ==> Parameters: 2(Long)
16:16:19:009 DEBUG 19120 --- [http-nio-8082-exec-3] c.h.cart.mapper.CartMapper.selectList    : <==      Total: 2
16:16:19:011 DEBUG 19120 --- [http-nio-8082-exec-3] com.hmall.api.client.ItemClient          : [ItemClient#queryItemByIds] ---> GET http://item-service/items?ids=40305713537&ids=2030774 HTTP/1.1
16:16:19:011 DEBUG 19120 --- [http-nio-8082-exec-3] com.hmall.api.client.ItemClient          : [ItemClient#queryItemByIds] user-info: 2
16:16:19:011 DEBUG 19120 --- [http-nio-8082-exec-3] com.hmall.api.client.ItemClient          : [ItemClient#queryItemByIds] ---> END HTTP (0-byte body)
16:16:19:048 DEBUG 19120 --- [http-nio-8082-exec-3] com.hmall.api.client.ItemClient          : [ItemClient#queryItemByIds] <--- HTTP/1.1 200  (37ms)
16:16:19:048 DEBUG 19120 --- [http-nio-8082-exec-3] com.hmall.api.client.ItemClient          : [ItemClient#queryItemByIds] connection: keep-alive
16:16:19:048 DEBUG 19120 --- [http-nio-8082-exec-3] com.hmall.api.client.ItemClient          : [ItemClient#queryItemByIds] content-type: application/json
16:16:19:048 DEBUG 19120 --- [http-nio-8082-exec-3] com.hmall.api.client.ItemClient          : [ItemClient#queryItemByIds] date: Fri, 06 Dec 2024 08:16:19 GMT
16:16:19:048 DEBUG 19120 --- [http-nio-8082-exec-3] com.hmall.api.client.ItemClient          : [ItemClient#queryItemByIds] keep-alive: timeout=60
16:16:19:048 DEBUG 19120 --- [http-nio-8082-exec-3] com.hmall.api.client.ItemClient          : [ItemClient#queryItemByIds] transfer-encoding: chunked
16:16:19:049 DEBUG 19120 --- [http-nio-8082-exec-3] com.hmall.api.client.ItemClient          : [ItemClient#queryItemByIds] 
16:16:19:049 DEBUG 19120 --- [http-nio-8082-exec-3] com.hmall.api.client.ItemClient          : [ItemClient#queryItemByIds] [{"id":2030774,"name":"外交官（Diplomat）磨砂箱子拉杆箱行李箱男女旅行箱密码箱万向轮箱包TC-15174TT 28英寸 黑色","price":58800,"stock":10000,"image":"https://m.360buyimg.com/mobilecms/s720x720_jfs/t22870/321/1238637240/149996/1aa457fe/5b594396Nfb108e31.jpg!q70.jpg.webp","category":"拉杆箱","brand":"Diplomat","spec":"{\"颜色\": \"黑色\", \"尺寸\": \"28英寸\"}","sold":0,"commentCount":0,"isAD":false,"status":1},{"id":40305713537,"name":"【官方正品 品牌直营】奥古狮登小白鞋女秋季透气2018新款百搭韩版休闲鞋运动鞋女鞋厚底板鞋女 浅蓝【厚底】 41","price":35400,"stock":10000,"image":"https://m.360buyimg.com/mobilecms/s720x720_jfs/t1/14147/34/2890/275451/5c225484Ebd346404/e61513be4639ee2e.jpg!q70.jpg.webp","category":"休闲鞋","brand":"奥古狮登","spec":"{\"颜色\": \"金色\", \"尺码\": \"41\"}","sold":0,"commentCount":0,"isAD":false,"status":1}]
16:16:19:049 DEBUG 19120 --- [http-nio-8082-exec-3] com.hmall.api.client.ItemClient          : [ItemClient#queryItemByIds] <--- END HTTP (944-byte body)
16:16:27:699 DEBUG 19120 --- [http-nio-8082-exec-4] c.h.cart.mapper.CartMapper.selectList    : ==>  Preparing: SELECT id,user_id,item_id,num,name,spec,price,image,create_time,update_time FROM cart WHERE (user_id = ?)
16:16:27:699 DEBUG 19120 --- [http-nio-8082-exec-4] c.h.cart.mapper.CartMapper.selectList    : ==> Parameters: 2(Long)
16:16:27:701 DEBUG 19120 --- [http-nio-8082-exec-4] c.h.cart.mapper.CartMapper.selectList    : <==      Total: 2
16:16:27:702 DEBUG 19120 --- [http-nio-8082-exec-4] com.hmall.api.client.ItemClient          : [ItemClient#queryItemByIds] ---> GET http://item-service/items?ids=40305713537&ids=2030774 HTTP/1.1
16:16:27:702 DEBUG 19120 --- [http-nio-8082-exec-4] com.hmall.api.client.ItemClient          : [ItemClient#queryItemByIds] user-info: 2
16:16:27:702 DEBUG 19120 --- [http-nio-8082-exec-4] com.hmall.api.client.ItemClient          : [ItemClient#queryItemByIds] ---> END HTTP (0-byte body)
16:16:27:713 DEBUG 19120 --- [http-nio-8082-exec-4] com.hmall.api.client.ItemClient          : [ItemClient#queryItemByIds] <--- HTTP/1.1 200  (10ms)
16:16:27:713 DEBUG 19120 --- [http-nio-8082-exec-4] com.hmall.api.client.ItemClient          : [ItemClient#queryItemByIds] connection: keep-alive
16:16:27:713 DEBUG 19120 --- [http-nio-8082-exec-4] com.hmall.api.client.ItemClient          : [ItemClient#queryItemByIds] content-type: application/json
16:16:27:713 DEBUG 19120 --- [http-nio-8082-exec-4] com.hmall.api.client.ItemClient          : [ItemClient#queryItemByIds] date: Fri, 06 Dec 2024 08:16:27 GMT
16:16:27:713 DEBUG 19120 --- [http-nio-8082-exec-4] com.hmall.api.client.ItemClient          : [ItemClient#queryItemByIds] keep-alive: timeout=60
16:16:27:713 DEBUG 19120 --- [http-nio-8082-exec-4] com.hmall.api.client.ItemClient          : [ItemClient#queryItemByIds] transfer-encoding: chunked
16:16:27:714 DEBUG 19120 --- [http-nio-8082-exec-4] com.hmall.api.client.ItemClient          : [ItemClient#queryItemByIds] 
16:16:27:714 DEBUG 19120 --- [http-nio-8082-exec-4] com.hmall.api.client.ItemClient          : [ItemClient#queryItemByIds] [{"id":2030774,"name":"外交官（Diplomat）磨砂箱子拉杆箱行李箱男女旅行箱密码箱万向轮箱包TC-15174TT 28英寸 黑色","price":58800,"stock":10000,"image":"https://m.360buyimg.com/mobilecms/s720x720_jfs/t22870/321/1238637240/149996/1aa457fe/5b594396Nfb108e31.jpg!q70.jpg.webp","category":"拉杆箱","brand":"Diplomat","spec":"{\"颜色\": \"黑色\", \"尺寸\": \"28英寸\"}","sold":0,"commentCount":0,"isAD":false,"status":1},{"id":40305713537,"name":"【官方正品 品牌直营】奥古狮登小白鞋女秋季透气2018新款百搭韩版休闲鞋运动鞋女鞋厚底板鞋女 浅蓝【厚底】 41","price":35400,"stock":10000,"image":"https://m.360buyimg.com/mobilecms/s720x720_jfs/t1/14147/34/2890/275451/5c225484Ebd346404/e61513be4639ee2e.jpg!q70.jpg.webp","category":"休闲鞋","brand":"奥古狮登","spec":"{\"颜色\": \"金色\", \"尺码\": \"41\"}","sold":0,"commentCount":0,"isAD":false,"status":1}]
16:16:27:714 DEBUG 19120 --- [http-nio-8082-exec-4] com.hmall.api.client.ItemClient          : [ItemClient#queryItemByIds] <--- END HTTP (944-byte body)
16:50:46:919 DEBUG 19120 --- [http-nio-8082-exec-6] c.h.cart.mapper.CartMapper.selectList    : ==>  Preparing: SELECT id,user_id,item_id,num,name,spec,price,image,create_time,update_time FROM cart WHERE (user_id = ?)
16:50:46:919 DEBUG 19120 --- [http-nio-8082-exec-6] c.h.cart.mapper.CartMapper.selectList    : ==> Parameters: 2(Long)
16:50:46:947 DEBUG 19120 --- [http-nio-8082-exec-6] c.h.cart.mapper.CartMapper.selectList    : <==      Total: 2
16:50:46:948 DEBUG 19120 --- [http-nio-8082-exec-6] com.hmall.api.client.ItemClient          : [ItemClient#queryItemByIds] ---> GET http://item-service/items?ids=40305713537&ids=2030774 HTTP/1.1
16:50:46:948 DEBUG 19120 --- [http-nio-8082-exec-6] com.hmall.api.client.ItemClient          : [ItemClient#queryItemByIds] user-info: 2
16:50:46:948 DEBUG 19120 --- [http-nio-8082-exec-6] com.hmall.api.client.ItemClient          : [ItemClient#queryItemByIds] ---> END HTTP (0-byte body)
16:50:46:961 DEBUG 19120 --- [http-nio-8082-exec-6] com.hmall.api.client.ItemClient          : [ItemClient#queryItemByIds] <--- HTTP/1.1 200  (13ms)
16:50:46:961 DEBUG 19120 --- [http-nio-8082-exec-6] com.hmall.api.client.ItemClient          : [ItemClient#queryItemByIds] connection: keep-alive
16:50:46:962 DEBUG 19120 --- [http-nio-8082-exec-6] com.hmall.api.client.ItemClient          : [ItemClient#queryItemByIds] content-type: application/json
16:50:46:962 DEBUG 19120 --- [http-nio-8082-exec-6] com.hmall.api.client.ItemClient          : [ItemClient#queryItemByIds] date: Fri, 06 Dec 2024 08:50:46 GMT
16:50:46:962 DEBUG 19120 --- [http-nio-8082-exec-6] com.hmall.api.client.ItemClient          : [ItemClient#queryItemByIds] keep-alive: timeout=60
16:50:46:962 DEBUG 19120 --- [http-nio-8082-exec-6] com.hmall.api.client.ItemClient          : [ItemClient#queryItemByIds] transfer-encoding: chunked
16:50:46:962 DEBUG 19120 --- [http-nio-8082-exec-6] com.hmall.api.client.ItemClient          : [ItemClient#queryItemByIds] 
16:50:46:962 DEBUG 19120 --- [http-nio-8082-exec-6] com.hmall.api.client.ItemClient          : [ItemClient#queryItemByIds] [{"id":2030774,"name":"外交官（Diplomat）磨砂箱子拉杆箱行李箱男女旅行箱密码箱万向轮箱包TC-15174TT 28英寸 黑色","price":58800,"stock":10000,"image":"https://m.360buyimg.com/mobilecms/s720x720_jfs/t22870/321/1238637240/149996/1aa457fe/5b594396Nfb108e31.jpg!q70.jpg.webp","category":"拉杆箱","brand":"Diplomat","spec":"{\"颜色\": \"黑色\", \"尺寸\": \"28英寸\"}","sold":0,"commentCount":0,"isAD":false,"status":1},{"id":40305713537,"name":"【官方正品 品牌直营】奥古狮登小白鞋女秋季透气2018新款百搭韩版休闲鞋运动鞋女鞋厚底板鞋女 浅蓝【厚底】 41","price":35400,"stock":10000,"image":"https://m.360buyimg.com/mobilecms/s720x720_jfs/t1/14147/34/2890/275451/5c225484Ebd346404/e61513be4639ee2e.jpg!q70.jpg.webp","category":"休闲鞋","brand":"奥古狮登","spec":"{\"颜色\": \"金色\", \"尺码\": \"41\"}","sold":0,"commentCount":0,"isAD":false,"status":1}]
16:50:46:962 DEBUG 19120 --- [http-nio-8082-exec-6] com.hmall.api.client.ItemClient          : [ItemClient#queryItemByIds] <--- END HTTP (944-byte body)
16:51:10:913 DEBUG 19120 --- [http-nio-8082-exec-7] c.h.cart.mapper.CartMapper.selectList    : ==>  Preparing: SELECT id,user_id,item_id,num,name,spec,price,image,create_time,update_time FROM cart WHERE (user_id = ?)
16:51:10:913 DEBUG 19120 --- [http-nio-8082-exec-7] c.h.cart.mapper.CartMapper.selectList    : ==> Parameters: 2(Long)
16:51:10:915 DEBUG 19120 --- [http-nio-8082-exec-7] c.h.cart.mapper.CartMapper.selectList    : <==      Total: 2
16:51:10:916 DEBUG 19120 --- [http-nio-8082-exec-7] com.hmall.api.client.ItemClient          : [ItemClient#queryItemByIds] ---> GET http://item-service/items?ids=40305713537&ids=2030774 HTTP/1.1
16:51:10:916 DEBUG 19120 --- [http-nio-8082-exec-7] com.hmall.api.client.ItemClient          : [ItemClient#queryItemByIds] user-info: 2
16:51:10:916 DEBUG 19120 --- [http-nio-8082-exec-7] com.hmall.api.client.ItemClient          : [ItemClient#queryItemByIds] ---> END HTTP (0-byte body)
16:51:10:924 DEBUG 19120 --- [http-nio-8082-exec-7] com.hmall.api.client.ItemClient          : [ItemClient#queryItemByIds] <--- HTTP/1.1 200  (7ms)
16:51:10:924 DEBUG 19120 --- [http-nio-8082-exec-7] com.hmall.api.client.ItemClient          : [ItemClient#queryItemByIds] connection: keep-alive
16:51:10:924 DEBUG 19120 --- [http-nio-8082-exec-7] com.hmall.api.client.ItemClient          : [ItemClient#queryItemByIds] content-type: application/json
16:51:10:925 DEBUG 19120 --- [http-nio-8082-exec-7] com.hmall.api.client.ItemClient          : [ItemClient#queryItemByIds] date: Fri, 06 Dec 2024 08:51:10 GMT
16:51:10:925 DEBUG 19120 --- [http-nio-8082-exec-7] com.hmall.api.client.ItemClient          : [ItemClient#queryItemByIds] keep-alive: timeout=60
16:51:10:925 DEBUG 19120 --- [http-nio-8082-exec-7] com.hmall.api.client.ItemClient          : [ItemClient#queryItemByIds] transfer-encoding: chunked
16:51:10:925 DEBUG 19120 --- [http-nio-8082-exec-7] com.hmall.api.client.ItemClient          : [ItemClient#queryItemByIds] 
16:51:10:925 DEBUG 19120 --- [http-nio-8082-exec-7] com.hmall.api.client.ItemClient          : [ItemClient#queryItemByIds] [{"id":2030774,"name":"外交官（Diplomat）磨砂箱子拉杆箱行李箱男女旅行箱密码箱万向轮箱包TC-15174TT 28英寸 黑色","price":58800,"stock":10000,"image":"https://m.360buyimg.com/mobilecms/s720x720_jfs/t22870/321/1238637240/149996/1aa457fe/5b594396Nfb108e31.jpg!q70.jpg.webp","category":"拉杆箱","brand":"Diplomat","spec":"{\"颜色\": \"黑色\", \"尺寸\": \"28英寸\"}","sold":0,"commentCount":0,"isAD":false,"status":1},{"id":40305713537,"name":"【官方正品 品牌直营】奥古狮登小白鞋女秋季透气2018新款百搭韩版休闲鞋运动鞋女鞋厚底板鞋女 浅蓝【厚底】 41","price":35400,"stock":10000,"image":"https://m.360buyimg.com/mobilecms/s720x720_jfs/t1/14147/34/2890/275451/5c225484Ebd346404/e61513be4639ee2e.jpg!q70.jpg.webp","category":"休闲鞋","brand":"奥古狮登","spec":"{\"颜色\": \"金色\", \"尺码\": \"41\"}","sold":0,"commentCount":0,"isAD":false,"status":1}]
16:51:10:925 DEBUG 19120 --- [http-nio-8082-exec-7] com.hmall.api.client.ItemClient          : [ItemClient#queryItemByIds] <--- END HTTP (944-byte body)
16:52:06:729 DEBUG 19120 --- [http-nio-8082-exec-8] c.h.cart.mapper.CartMapper.selectList    : ==>  Preparing: SELECT id,user_id,item_id,num,name,spec,price,image,create_time,update_time FROM cart WHERE (user_id = ?)
16:52:06:729 DEBUG 19120 --- [http-nio-8082-exec-8] c.h.cart.mapper.CartMapper.selectList    : ==> Parameters: 1(Long)
16:52:06:732 DEBUG 19120 --- [http-nio-8082-exec-8] c.h.cart.mapper.CartMapper.selectList    : <==      Total: 2
16:52:06:733 DEBUG 19120 --- [http-nio-8082-exec-8] com.hmall.api.client.ItemClient          : [ItemClient#queryItemByIds] ---> GET http://item-service/items?ids=40305713537&ids=8533120 HTTP/1.1
16:52:06:733 DEBUG 19120 --- [http-nio-8082-exec-8] com.hmall.api.client.ItemClient          : [ItemClient#queryItemByIds] user-info: 1
16:52:06:733 DEBUG 19120 --- [http-nio-8082-exec-8] com.hmall.api.client.ItemClient          : [ItemClient#queryItemByIds] ---> END HTTP (0-byte body)
16:52:06:741 DEBUG 19120 --- [http-nio-8082-exec-8] com.hmall.api.client.ItemClient          : [ItemClient#queryItemByIds] <--- HTTP/1.1 200  (8ms)
16:52:06:741 DEBUG 19120 --- [http-nio-8082-exec-8] com.hmall.api.client.ItemClient          : [ItemClient#queryItemByIds] connection: keep-alive
16:52:06:741 DEBUG 19120 --- [http-nio-8082-exec-8] com.hmall.api.client.ItemClient          : [ItemClient#queryItemByIds] content-type: application/json
16:52:06:742 DEBUG 19120 --- [http-nio-8082-exec-8] com.hmall.api.client.ItemClient          : [ItemClient#queryItemByIds] date: Fri, 06 Dec 2024 08:52:06 GMT
16:52:06:742 DEBUG 19120 --- [http-nio-8082-exec-8] com.hmall.api.client.ItemClient          : [ItemClient#queryItemByIds] keep-alive: timeout=60
16:52:06:742 DEBUG 19120 --- [http-nio-8082-exec-8] com.hmall.api.client.ItemClient          : [ItemClient#queryItemByIds] transfer-encoding: chunked
16:52:06:742 DEBUG 19120 --- [http-nio-8082-exec-8] com.hmall.api.client.ItemClient          : [ItemClient#queryItemByIds] 
16:52:06:742 DEBUG 19120 --- [http-nio-8082-exec-8] com.hmall.api.client.ItemClient          : [ItemClient#queryItemByIds] [{"id":8533120,"name":"海尔 （Haier ）LQ65H31 65英寸 4K曲面人工智能全面屏超高清LED液晶电视","price":379500,"stock":10000,"image":"https://m.360buyimg.com/mobilecms/s720x720_jfs/t1/2851/14/13998/101463/5bd9723cE81b2c299/1bfdf2d1628648e4.jpg!q70.jpg.webp","category":"曲面电视","brand":"海尔","spec":"{}","sold":0,"commentCount":0,"isAD":false,"status":1},{"id":40305713537,"name":"【官方正品 品牌直营】奥古狮登小白鞋女秋季透气2018新款百搭韩版休闲鞋运动鞋女鞋厚底板鞋女 浅蓝【厚底】 41","price":35400,"stock":10000,"image":"https://m.360buyimg.com/mobilecms/s720x720_jfs/t1/14147/34/2890/275451/5c225484Ebd346404/e61513be4639ee2e.jpg!q70.jpg.webp","category":"休闲鞋","brand":"奥古狮登","spec":"{\"颜色\": \"金色\", \"尺码\": \"41\"}","sold":0,"commentCount":0,"isAD":false,"status":1}]
16:52:06:742 DEBUG 19120 --- [http-nio-8082-exec-8] com.hmall.api.client.ItemClient          : [ItemClient#queryItemByIds] <--- END HTTP (872-byte body)
17:12:51:575 DEBUG 19120 --- [http-nio-8082-exec-10] com.hmall.cart.mapper.CartMapper.delete  : ==>  Preparing: DELETE FROM cart WHERE (user_id = ? AND item_id IN (?,?))
17:12:51:576 DEBUG 19120 --- [http-nio-8082-exec-10] com.hmall.cart.mapper.CartMapper.delete  : ==> Parameters: 1(Long), 40305713537(Long), 8533120(Long)
17:12:51:646 DEBUG 19120 --- [http-nio-8082-exec-10] com.hmall.cart.mapper.CartMapper.delete  : <==    Updates: 2
17:13:05:919 DEBUG 19120 --- [http-nio-8082-exec-1] com.hmall.cart.mapper.CartMapper.delete  : ==>  Preparing: DELETE FROM cart WHERE (user_id = ? AND item_id IN (?,?))
17:13:05:920 DEBUG 19120 --- [http-nio-8082-exec-1] com.hmall.cart.mapper.CartMapper.delete  : ==> Parameters: 1(Long), 40305713537(Long), 8533120(Long)
17:13:05:925 DEBUG 19120 --- [http-nio-8082-exec-1] com.hmall.cart.mapper.CartMapper.delete  : <==    Updates: 0
17:42:27:300 DEBUG 19120 --- [http-nio-8082-exec-3] c.h.cart.mapper.CartMapper.selectList    : ==>  Preparing: SELECT id,user_id,item_id,num,name,spec,price,image,create_time,update_time FROM cart WHERE (user_id = ?)
17:42:27:300 DEBUG 19120 --- [http-nio-8082-exec-3] c.h.cart.mapper.CartMapper.selectList    : ==> Parameters: 1(Long)
17:42:27:305 DEBUG 19120 --- [http-nio-8082-exec-3] c.h.cart.mapper.CartMapper.selectList    : <==      Total: 0
17:42:29:006 DEBUG 19120 --- [http-nio-8082-exec-4] c.h.cart.mapper.CartMapper.selectList    : ==>  Preparing: SELECT id,user_id,item_id,num,name,spec,price,image,create_time,update_time FROM cart WHERE (user_id = ?)
17:42:29:006 DEBUG 19120 --- [http-nio-8082-exec-4] c.h.cart.mapper.CartMapper.selectList    : ==> Parameters: 1(Long)
17:42:29:008 DEBUG 19120 --- [http-nio-8082-exec-4] c.h.cart.mapper.CartMapper.selectList    : <==      Total: 0
17:42:33:016 DEBUG 19120 --- [http-nio-8082-exec-5] c.h.cart.mapper.CartMapper.selectCount   : ==>  Preparing: SELECT COUNT( * ) AS total FROM cart WHERE (user_id = ? AND item_id = ?)
17:42:33:016 DEBUG 19120 --- [http-nio-8082-exec-5] c.h.cart.mapper.CartMapper.selectCount   : ==> Parameters: 1(Long), 8533120(Long)
17:42:33:019 DEBUG 19120 --- [http-nio-8082-exec-5] c.h.cart.mapper.CartMapper.selectCount   : <==      Total: 1
17:42:33:020 DEBUG 19120 --- [http-nio-8082-exec-5] c.h.cart.mapper.CartMapper.selectCount   : ==>  Preparing: SELECT COUNT( * ) AS total FROM cart WHERE (user_id = ?)
17:42:33:020 DEBUG 19120 --- [http-nio-8082-exec-5] c.h.cart.mapper.CartMapper.selectCount   : ==> Parameters: 1(Long)
17:42:33:021 DEBUG 19120 --- [http-nio-8082-exec-5] c.h.cart.mapper.CartMapper.selectCount   : <==      Total: 1
17:42:33:028 DEBUG 19120 --- [http-nio-8082-exec-5] com.hmall.cart.mapper.CartMapper.insert  : ==>  Preparing: INSERT INTO cart ( user_id, item_id, name, spec, price, image ) VALUES ( ?, ?, ?, ?, ?, ? )
17:42:33:029 DEBUG 19120 --- [http-nio-8082-exec-5] com.hmall.cart.mapper.CartMapper.insert  : ==> Parameters: 1(Long), 8533120(Long), 海尔 （Haier ）LQ65H31 65英寸 4K曲面人工智能全面屏超高清LED液晶电视(String), {}(String), 379500(Integer), https://m.360buyimg.com/mobilecms/s720x720_jfs/t1/2851/14/13998/101463/5bd9723cE81b2c299/1bfdf2d1628648e4.jpg!q70.jpg.webp(String)
17:42:33:044 DEBUG 19120 --- [http-nio-8082-exec-5] com.hmall.cart.mapper.CartMapper.insert  : <==    Updates: 1
17:42:33:090 DEBUG 19120 --- [http-nio-8082-exec-6] c.h.cart.mapper.CartMapper.selectList    : ==>  Preparing: SELECT id,user_id,item_id,num,name,spec,price,image,create_time,update_time FROM cart WHERE (user_id = ?)
17:42:33:091 DEBUG 19120 --- [http-nio-8082-exec-6] c.h.cart.mapper.CartMapper.selectList    : ==> Parameters: 1(Long)
17:42:33:093 DEBUG 19120 --- [http-nio-8082-exec-6] c.h.cart.mapper.CartMapper.selectList    : <==      Total: 1
17:42:33:095 DEBUG 19120 --- [http-nio-8082-exec-6] com.hmall.api.client.ItemClient          : [ItemClient#queryItemByIds] ---> GET http://item-service/items?ids=8533120 HTTP/1.1
17:42:33:095 DEBUG 19120 --- [http-nio-8082-exec-6] com.hmall.api.client.ItemClient          : [ItemClient#queryItemByIds] user-info: 1
17:42:33:095 DEBUG 19120 --- [http-nio-8082-exec-6] com.hmall.api.client.ItemClient          : [ItemClient#queryItemByIds] ---> END HTTP (0-byte body)
17:42:33:105 DEBUG 19120 --- [http-nio-8082-exec-6] com.hmall.api.client.ItemClient          : [ItemClient#queryItemByIds] <--- HTTP/1.1 200  (9ms)
17:42:33:105 DEBUG 19120 --- [http-nio-8082-exec-6] com.hmall.api.client.ItemClient          : [ItemClient#queryItemByIds] connection: keep-alive
17:42:33:105 DEBUG 19120 --- [http-nio-8082-exec-6] com.hmall.api.client.ItemClient          : [ItemClient#queryItemByIds] content-type: application/json
17:42:33:105 DEBUG 19120 --- [http-nio-8082-exec-6] com.hmall.api.client.ItemClient          : [ItemClient#queryItemByIds] date: Fri, 06 Dec 2024 09:42:33 GMT
17:42:33:105 DEBUG 19120 --- [http-nio-8082-exec-6] com.hmall.api.client.ItemClient          : [ItemClient#queryItemByIds] keep-alive: timeout=60
17:42:33:105 DEBUG 19120 --- [http-nio-8082-exec-6] com.hmall.api.client.ItemClient          : [ItemClient#queryItemByIds] transfer-encoding: chunked
17:42:33:105 DEBUG 19120 --- [http-nio-8082-exec-6] com.hmall.api.client.ItemClient          : [ItemClient#queryItemByIds] 
17:42:33:105 DEBUG 19120 --- [http-nio-8082-exec-6] com.hmall.api.client.ItemClient          : [ItemClient#queryItemByIds] [{"id":8533120,"name":"海尔 （Haier ）LQ65H31 65英寸 4K曲面人工智能全面屏超高清LED液晶电视","price":379500,"stock":10000,"image":"https://m.360buyimg.com/mobilecms/s720x720_jfs/t1/2851/14/13998/101463/5bd9723cE81b2c299/1bfdf2d1628648e4.jpg!q70.jpg.webp","category":"曲面电视","brand":"海尔","spec":"{}","sold":0,"commentCount":0,"isAD":false,"status":1}]
17:42:33:105 DEBUG 19120 --- [http-nio-8082-exec-6] com.hmall.api.client.ItemClient          : [ItemClient#queryItemByIds] <--- END HTTP (382-byte body)
17:42:40:713 DEBUG 19120 --- [http-nio-8082-exec-7] com.hmall.cart.mapper.CartMapper.delete  : ==>  Preparing: DELETE FROM cart WHERE (user_id = ? AND item_id IN (?))
17:42:40:713 DEBUG 19120 --- [http-nio-8082-exec-7] com.hmall.cart.mapper.CartMapper.delete  : ==> Parameters: 1(Long), 8533120(Long)
17:42:40:721 DEBUG 19120 --- [http-nio-8082-exec-7] com.hmall.cart.mapper.CartMapper.delete  : <==    Updates: 1
17:42:53:268 DEBUG 19120 --- [http-nio-8082-exec-8] com.hmall.cart.mapper.CartMapper.delete  : ==>  Preparing: DELETE FROM cart WHERE (user_id = ? AND item_id IN (?))
17:42:53:269 DEBUG 19120 --- [http-nio-8082-exec-8] com.hmall.cart.mapper.CartMapper.delete  : ==> Parameters: 1(Long), 8533120(Long)
17:42:53:271 DEBUG 19120 --- [http-nio-8082-exec-8] com.hmall.cart.mapper.CartMapper.delete  : <==    Updates: 0
17:42:55:790 DEBUG 19120 --- [http-nio-8082-exec-9] com.hmall.cart.mapper.CartMapper.delete  : ==>  Preparing: DELETE FROM cart WHERE (user_id = ? AND item_id IN (?))
17:42:55:790 DEBUG 19120 --- [http-nio-8082-exec-9] com.hmall.cart.mapper.CartMapper.delete  : ==> Parameters: 1(Long), 8533120(Long)
17:42:55:792 DEBUG 19120 --- [http-nio-8082-exec-9] com.hmall.cart.mapper.CartMapper.delete  : <==    Updates: 0
17:44:28:428 DEBUG 19120 --- [http-nio-8082-exec-2] com.hmall.cart.mapper.CartMapper.delete  : ==>  Preparing: DELETE FROM cart WHERE (user_id = ? AND item_id IN (?))
17:44:28:429 DEBUG 19120 --- [http-nio-8082-exec-2] com.hmall.cart.mapper.CartMapper.delete  : ==> Parameters: 1(Long), 8533120(Long)
17:44:28:430 DEBUG 19120 --- [http-nio-8082-exec-2] com.hmall.cart.mapper.CartMapper.delete  : <==    Updates: 0
17:44:49:963 DEBUG 19120 --- [http-nio-8082-exec-3] com.hmall.cart.mapper.CartMapper.delete  : ==>  Preparing: DELETE FROM cart WHERE (user_id = ? AND item_id IN (?))
17:44:49:963 DEBUG 19120 --- [http-nio-8082-exec-3] com.hmall.cart.mapper.CartMapper.delete  : ==> Parameters: 1(Long), 8533120(Long)
17:44:49:968 DEBUG 19120 --- [http-nio-8082-exec-3] com.hmall.cart.mapper.CartMapper.delete  : <==    Updates: 0
17:46:21:631 DEBUG 19120 --- [http-nio-8082-exec-5] com.hmall.cart.mapper.CartMapper.delete  : ==>  Preparing: DELETE FROM cart WHERE (user_id = ? AND item_id IN (?))
17:46:21:632 DEBUG 19120 --- [http-nio-8082-exec-5] com.hmall.cart.mapper.CartMapper.delete  : ==> Parameters: 1(Long), 8533120(Long)
17:46:21:634 DEBUG 19120 --- [http-nio-8082-exec-5] com.hmall.cart.mapper.CartMapper.delete  : <==    Updates: 0
17:49:23:115  INFO 19120 --- [nacos-grpc-client-executor-1537] com.alibaba.nacos.common.remote.client   : [e2dbb8de-5f78-4b81-a490-67a95acd676a] Receive server push request, request = NotifySubscriberRequest, requestId = 21
17:49:23:118  INFO 19120 --- [nacos-grpc-client-executor-1537] com.alibaba.nacos.common.remote.client   : [e2dbb8de-5f78-4b81-a490-67a95acd676a] Ack server push request, request = NotifySubscriberRequest, requestId = 21
17:49:32:908  INFO 19120 --- [nacos-grpc-client-executor-1539] com.alibaba.nacos.common.remote.client   : [e2dbb8de-5f78-4b81-a490-67a95acd676a] Receive server push request, request = NotifySubscriberRequest, requestId = 25
17:49:32:909  INFO 19120 --- [nacos-grpc-client-executor-1539] com.alibaba.nacos.common.remote.client   : [e2dbb8de-5f78-4b81-a490-67a95acd676a] Ack server push request, request = NotifySubscriberRequest, requestId = 25
17:49:41:212 DEBUG 19120 --- [http-nio-8082-exec-7] com.hmall.cart.mapper.CartMapper.delete  : ==>  Preparing: DELETE FROM cart WHERE (user_id = ? AND item_id IN (?))
17:49:41:212 DEBUG 19120 --- [http-nio-8082-exec-7] com.hmall.cart.mapper.CartMapper.delete  : ==> Parameters: 1(Long), 8533120(Long)
17:49:41:214 DEBUG 19120 --- [http-nio-8082-exec-7] com.hmall.cart.mapper.CartMapper.delete  : <==    Updates: 0
17:49:49:092 DEBUG 19120 --- [http-nio-8082-exec-8] com.hmall.cart.mapper.CartMapper.delete  : ==>  Preparing: DELETE FROM cart WHERE (user_id = ? AND item_id IN (?))
17:49:49:092 DEBUG 19120 --- [http-nio-8082-exec-8] com.hmall.cart.mapper.CartMapper.delete  : ==> Parameters: 1(Long), 8533120(Long)
17:49:49:093 DEBUG 19120 --- [http-nio-8082-exec-8] com.hmall.cart.mapper.CartMapper.delete  : <==    Updates: 0
17:50:03:111  INFO 19120 --- [nacos-grpc-client-executor-1545] com.alibaba.nacos.common.remote.client   : [e2dbb8de-5f78-4b81-a490-67a95acd676a] Receive server push request, request = NotifySubscriberRequest, requestId = 28
17:50:03:112  INFO 19120 --- [nacos-grpc-client-executor-1545] com.alibaba.nacos.common.remote.client   : [e2dbb8de-5f78-4b81-a490-67a95acd676a] Ack server push request, request = NotifySubscriberRequest, requestId = 28
17:50:34:957  INFO 19120 --- [nacos-grpc-client-executor-1552] com.alibaba.nacos.common.remote.client   : [e2dbb8de-5f78-4b81-a490-67a95acd676a] Receive server push request, request = NotifySubscriberRequest, requestId = 32
17:50:34:959  INFO 19120 --- [nacos-grpc-client-executor-1552] com.alibaba.nacos.common.remote.client   : [e2dbb8de-5f78-4b81-a490-67a95acd676a] Ack server push request, request = NotifySubscriberRequest, requestId = 32
17:50:40:388 DEBUG 19120 --- [http-nio-8082-exec-9] com.hmall.cart.mapper.CartMapper.delete  : ==>  Preparing: DELETE FROM cart WHERE (user_id = ? AND item_id IN (?))
17:50:40:388 DEBUG 19120 --- [http-nio-8082-exec-9] com.hmall.cart.mapper.CartMapper.delete  : ==> Parameters: 1(Long), 8533120(Long)
17:50:40:390 DEBUG 19120 --- [http-nio-8082-exec-9] com.hmall.cart.mapper.CartMapper.delete  : <==    Updates: 0
17:57:08:829  INFO 19120 --- [nacos-grpc-client-executor-1631] com.alibaba.nacos.common.remote.client   : [e2dbb8de-5f78-4b81-a490-67a95acd676a] Receive server push request, request = NotifySubscriberRequest, requestId = 35
17:57:08:830  INFO 19120 --- [nacos-grpc-client-executor-1631] com.alibaba.nacos.common.remote.client   : [e2dbb8de-5f78-4b81-a490-67a95acd676a] Ack server push request, request = NotifySubscriberRequest, requestId = 35
17:57:20:288  INFO 19120 --- [nacos-grpc-client-executor-1633] com.alibaba.nacos.common.remote.client   : [e2dbb8de-5f78-4b81-a490-67a95acd676a] Receive server push request, request = NotifySubscriberRequest, requestId = 38
17:57:20:289  INFO 19120 --- [nacos-grpc-client-executor-1633] com.alibaba.nacos.common.remote.client   : [e2dbb8de-5f78-4b81-a490-67a95acd676a] Ack server push request, request = NotifySubscriberRequest, requestId = 38
17:57:26:841 DEBUG 19120 --- [http-nio-8082-exec-1] com.hmall.cart.mapper.CartMapper.delete  : ==>  Preparing: DELETE FROM cart WHERE (user_id = ? AND item_id IN (?))
17:57:26:842 DEBUG 19120 --- [http-nio-8082-exec-1] com.hmall.cart.mapper.CartMapper.delete  : ==> Parameters: 1(Long), 8533120(Long)
17:57:26:843 DEBUG 19120 --- [http-nio-8082-exec-1] com.hmall.cart.mapper.CartMapper.delete  : <==    Updates: 0
17:57:33:558 DEBUG 19120 --- [http-nio-8082-exec-2] com.hmall.cart.mapper.CartMapper.delete  : ==>  Preparing: DELETE FROM cart WHERE (user_id = ? AND item_id IN (?))
17:57:33:558 DEBUG 19120 --- [http-nio-8082-exec-2] com.hmall.cart.mapper.CartMapper.delete  : ==> Parameters: 1(Long), 8533120(Long)
17:57:33:559 DEBUG 19120 --- [http-nio-8082-exec-2] com.hmall.cart.mapper.CartMapper.delete  : <==    Updates: 0
17:58:52:678 DEBUG 19120 --- [http-nio-8082-exec-4] com.hmall.cart.mapper.CartMapper.delete  : ==>  Preparing: DELETE FROM cart WHERE (user_id = ? AND item_id IN (?))
17:58:52:678 DEBUG 19120 --- [http-nio-8082-exec-4] com.hmall.cart.mapper.CartMapper.delete  : ==> Parameters: 1(Long), 8533120(Long)
17:58:52:679 DEBUG 19120 --- [http-nio-8082-exec-4] com.hmall.cart.mapper.CartMapper.delete  : <==    Updates: 0
17:58:59:643 DEBUG 19120 --- [http-nio-8082-exec-5] com.hmall.cart.mapper.CartMapper.delete  : ==>  Preparing: DELETE FROM cart WHERE (user_id = ? AND item_id IN (?))
17:58:59:644 DEBUG 19120 --- [http-nio-8082-exec-5] com.hmall.cart.mapper.CartMapper.delete  : ==> Parameters: 1(Long), 8533120(Long)
17:58:59:644 DEBUG 19120 --- [http-nio-8082-exec-5] com.hmall.cart.mapper.CartMapper.delete  : <==    Updates: 0
18:02:05:481  INFO 19120 --- [nacos-grpc-client-executor-1690] com.alibaba.nacos.common.remote.client   : [e2dbb8de-5f78-4b81-a490-67a95acd676a] Receive server push request, request = NotifySubscriberRequest, requestId = 42
18:02:05:483  INFO 19120 --- [nacos-grpc-client-executor-1690] com.alibaba.nacos.common.remote.client   : [e2dbb8de-5f78-4b81-a490-67a95acd676a] Ack server push request, request = NotifySubscriberRequest, requestId = 42
18:02:16:658  INFO 19120 --- [nacos-grpc-client-executor-1692] com.alibaba.nacos.common.remote.client   : [e2dbb8de-5f78-4b81-a490-67a95acd676a] Receive server push request, request = NotifySubscriberRequest, requestId = 46
18:02:16:660  INFO 19120 --- [nacos-grpc-client-executor-1692] com.alibaba.nacos.common.remote.client   : [e2dbb8de-5f78-4b81-a490-67a95acd676a] Ack server push request, request = NotifySubscriberRequest, requestId = 46
18:02:23:747 DEBUG 19120 --- [http-nio-8082-exec-7] com.hmall.cart.mapper.CartMapper.delete  : ==>  Preparing: DELETE FROM cart WHERE (user_id = ? AND item_id IN (?))
18:02:23:747 DEBUG 19120 --- [http-nio-8082-exec-7] com.hmall.cart.mapper.CartMapper.delete  : ==> Parameters: 1(Long), 8533120(Long)
18:02:23:751 DEBUG 19120 --- [http-nio-8082-exec-7] com.hmall.cart.mapper.CartMapper.delete  : <==    Updates: 0
18:02:26:556 DEBUG 19120 --- [http-nio-8082-exec-8] com.hmall.cart.mapper.CartMapper.delete  : ==>  Preparing: DELETE FROM cart WHERE (user_id = ? AND item_id IN (?))
18:02:26:556 DEBUG 19120 --- [http-nio-8082-exec-8] com.hmall.cart.mapper.CartMapper.delete  : ==> Parameters: 1(Long), 8533120(Long)
18:02:26:557 DEBUG 19120 --- [http-nio-8082-exec-8] com.hmall.cart.mapper.CartMapper.delete  : <==    Updates: 0
18:02:31:303 DEBUG 19120 --- [http-nio-8082-exec-9] com.hmall.cart.mapper.CartMapper.delete  : ==>  Preparing: DELETE FROM cart WHERE (user_id = ? AND item_id IN (?))
18:02:31:303 DEBUG 19120 --- [http-nio-8082-exec-9] com.hmall.cart.mapper.CartMapper.delete  : ==> Parameters: 1(Long), 8533120(Long)
18:02:31:305 DEBUG 19120 --- [http-nio-8082-exec-9] com.hmall.cart.mapper.CartMapper.delete  : <==    Updates: 0
18:09:50:930  INFO 19120 --- [nacos-grpc-client-executor-1785] com.alibaba.nacos.common.remote.client   : [e2dbb8de-5f78-4b81-a490-67a95acd676a] Receive server push request, request = NotifySubscriberRequest, requestId = 49
18:09:50:932  INFO 19120 --- [nacos-grpc-client-executor-1785] com.alibaba.nacos.common.remote.client   : [e2dbb8de-5f78-4b81-a490-67a95acd676a] Ack server push request, request = NotifySubscriberRequest, requestId = 49
18:10:02:322  INFO 19120 --- [nacos-grpc-client-executor-1787] com.alibaba.nacos.common.remote.client   : [e2dbb8de-5f78-4b81-a490-67a95acd676a] Receive server push request, request = NotifySubscriberRequest, requestId = 53
18:10:02:325  INFO 19120 --- [nacos-grpc-client-executor-1787] com.alibaba.nacos.common.remote.client   : [e2dbb8de-5f78-4b81-a490-67a95acd676a] Ack server push request, request = NotifySubscriberRequest, requestId = 53
18:10:10:031 DEBUG 19120 --- [http-nio-8082-exec-1] com.hmall.cart.mapper.CartMapper.delete  : ==>  Preparing: DELETE FROM cart WHERE (user_id = ? AND item_id IN (?))
18:10:10:031 DEBUG 19120 --- [http-nio-8082-exec-1] com.hmall.cart.mapper.CartMapper.delete  : ==> Parameters: 1(Long), 8533120(Long)
18:10:10:034 DEBUG 19120 --- [http-nio-8082-exec-1] com.hmall.cart.mapper.CartMapper.delete  : <==    Updates: 0
18:10:13:719 DEBUG 19120 --- [http-nio-8082-exec-2] c.h.cart.mapper.CartMapper.selectList    : ==>  Preparing: SELECT id,user_id,item_id,num,name,spec,price,image,create_time,update_time FROM cart WHERE (user_id = ?)
18:10:13:719 DEBUG 19120 --- [http-nio-8082-exec-2] c.h.cart.mapper.CartMapper.selectList    : ==> Parameters: 1(Long)
18:10:13:721 DEBUG 19120 --- [http-nio-8082-exec-2] c.h.cart.mapper.CartMapper.selectList    : <==      Total: 0
18:10:18:497 DEBUG 19120 --- [http-nio-8082-exec-3] c.h.cart.mapper.CartMapper.selectCount   : ==>  Preparing: SELECT COUNT( * ) AS total FROM cart WHERE (user_id = ? AND item_id = ?)
18:10:18:497 DEBUG 19120 --- [http-nio-8082-exec-3] c.h.cart.mapper.CartMapper.selectCount   : ==> Parameters: 1(Long), 8533120(Long)
18:10:18:499 DEBUG 19120 --- [http-nio-8082-exec-3] c.h.cart.mapper.CartMapper.selectCount   : <==      Total: 1
18:10:18:499 DEBUG 19120 --- [http-nio-8082-exec-3] c.h.cart.mapper.CartMapper.selectCount   : ==>  Preparing: SELECT COUNT( * ) AS total FROM cart WHERE (user_id = ?)
18:10:18:500 DEBUG 19120 --- [http-nio-8082-exec-3] c.h.cart.mapper.CartMapper.selectCount   : ==> Parameters: 1(Long)
18:10:18:501 DEBUG 19120 --- [http-nio-8082-exec-3] c.h.cart.mapper.CartMapper.selectCount   : <==      Total: 1
18:10:18:503 DEBUG 19120 --- [http-nio-8082-exec-3] com.hmall.cart.mapper.CartMapper.insert  : ==>  Preparing: INSERT INTO cart ( user_id, item_id, name, spec, price, image ) VALUES ( ?, ?, ?, ?, ?, ? )
18:10:18:503 DEBUG 19120 --- [http-nio-8082-exec-3] com.hmall.cart.mapper.CartMapper.insert  : ==> Parameters: 1(Long), 8533120(Long), 海尔 （Haier ）LQ65H31 65英寸 4K曲面人工智能全面屏超高清LED液晶电视(String), {}(String), 379500(Integer), https://m.360buyimg.com/mobilecms/s720x720_jfs/t1/2851/14/13998/101463/5bd9723cE81b2c299/1bfdf2d1628648e4.jpg!q70.jpg.webp(String)
18:10:18:512 DEBUG 19120 --- [http-nio-8082-exec-3] com.hmall.cart.mapper.CartMapper.insert  : <==    Updates: 1
18:10:18:562 DEBUG 19120 --- [http-nio-8082-exec-4] c.h.cart.mapper.CartMapper.selectList    : ==>  Preparing: SELECT id,user_id,item_id,num,name,spec,price,image,create_time,update_time FROM cart WHERE (user_id = ?)
18:10:18:562 DEBUG 19120 --- [http-nio-8082-exec-4] c.h.cart.mapper.CartMapper.selectList    : ==> Parameters: 1(Long)
18:10:18:565 DEBUG 19120 --- [http-nio-8082-exec-4] c.h.cart.mapper.CartMapper.selectList    : <==      Total: 1
18:10:18:566 DEBUG 19120 --- [http-nio-8082-exec-4] com.hmall.api.client.ItemClient          : [ItemClient#queryItemByIds] ---> GET http://item-service/items?ids=8533120 HTTP/1.1
18:10:18:566 DEBUG 19120 --- [http-nio-8082-exec-4] com.hmall.api.client.ItemClient          : [ItemClient#queryItemByIds] user-info: 1
18:10:18:566 DEBUG 19120 --- [http-nio-8082-exec-4] com.hmall.api.client.ItemClient          : [ItemClient#queryItemByIds] ---> END HTTP (0-byte body)
18:10:18:575 DEBUG 19120 --- [http-nio-8082-exec-4] com.hmall.api.client.ItemClient          : [ItemClient#queryItemByIds] <--- HTTP/1.1 200  (9ms)
18:10:18:575 DEBUG 19120 --- [http-nio-8082-exec-4] com.hmall.api.client.ItemClient          : [ItemClient#queryItemByIds] connection: keep-alive
18:10:18:575 DEBUG 19120 --- [http-nio-8082-exec-4] com.hmall.api.client.ItemClient          : [ItemClient#queryItemByIds] content-type: application/json
18:10:18:576 DEBUG 19120 --- [http-nio-8082-exec-4] com.hmall.api.client.ItemClient          : [ItemClient#queryItemByIds] date: Fri, 06 Dec 2024 10:10:18 GMT
18:10:18:576 DEBUG 19120 --- [http-nio-8082-exec-4] com.hmall.api.client.ItemClient          : [ItemClient#queryItemByIds] keep-alive: timeout=60
18:10:18:576 DEBUG 19120 --- [http-nio-8082-exec-4] com.hmall.api.client.ItemClient          : [ItemClient#queryItemByIds] transfer-encoding: chunked
18:10:18:576 DEBUG 19120 --- [http-nio-8082-exec-4] com.hmall.api.client.ItemClient          : [ItemClient#queryItemByIds] 
18:10:18:576 DEBUG 19120 --- [http-nio-8082-exec-4] com.hmall.api.client.ItemClient          : [ItemClient#queryItemByIds] [{"id":8533120,"name":"海尔 （Haier ）LQ65H31 65英寸 4K曲面人工智能全面屏超高清LED液晶电视","price":379500,"stock":10000,"image":"https://m.360buyimg.com/mobilecms/s720x720_jfs/t1/2851/14/13998/101463/5bd9723cE81b2c299/1bfdf2d1628648e4.jpg!q70.jpg.webp","category":"曲面电视","brand":"海尔","spec":"{}","sold":0,"commentCount":0,"isAD":false,"status":1}]
18:10:18:576 DEBUG 19120 --- [http-nio-8082-exec-4] com.hmall.api.client.ItemClient          : [ItemClient#queryItemByIds] <--- END HTTP (382-byte body)
18:10:21:693 DEBUG 19120 --- [http-nio-8082-exec-5] com.hmall.cart.mapper.CartMapper.delete  : ==>  Preparing: DELETE FROM cart WHERE (user_id = ? AND item_id IN (?))
18:10:21:693 DEBUG 19120 --- [http-nio-8082-exec-5] com.hmall.cart.mapper.CartMapper.delete  : ==> Parameters: 1(Long), 8533120(Long)
18:10:21:698 DEBUG 19120 --- [http-nio-8082-exec-5] com.hmall.cart.mapper.CartMapper.delete  : <==    Updates: 1
18:56:13:784  WARN 19120 --- [Thread-5] c.a.nacos.common.notify.NotifyCenter     : [NotifyCenter] Start destroying Publisher
18:56:13:784  WARN 19120 --- [Thread-1] c.a.n.common.http.HttpClientBeanHolder   : [HttpClientBeanHolder] Start destroying common HttpClient
18:56:13:786  WARN 19120 --- [Thread-5] c.a.nacos.common.notify.NotifyCenter     : [NotifyCenter] Destruction of the end
18:56:13:788  WARN 19120 --- [Thread-1] c.a.n.common.http.HttpClientBeanHolder   : [HttpClientBeanHolder] Destruction of the end
18:56:13:941  INFO 19120 --- [SpringApplicationShutdownHook] c.a.c.n.registry.NacosServiceRegistry    : De-registering from Nacos Server now...
18:56:13:950  INFO 19120 --- [SpringApplicationShutdownHook] c.a.c.n.registry.NacosServiceRegistry    : De-registration finished.
18:56:14:277  INFO 19120 --- [SpringApplicationShutdownHook] com.alibaba.nacos.common.remote.client   : Shutdown rpc client, set status to shutdown
18:56:14:277  INFO 19120 --- [SpringApplicationShutdownHook] com.alibaba.nacos.common.remote.client   : Shutdown client event executor java.util.concurrent.ScheduledThreadPoolExecutor@50966489[Running, pool size = 2, active threads = 2, queued tasks = 0, completed tasks = 0]
18:56:14:277  INFO 19120 --- [SpringApplicationShutdownHook] com.alibaba.nacos.common.remote.client   : Close current connection 1733471174531_192.168.57.1_50514
18:56:14:286  INFO 19120 --- [SpringApplicationShutdownHook] c.a.n.c.remote.client.grpc.GrpcClient    : Shutdown grpc executor java.util.concurrent.ThreadPoolExecutor@77c46d63[Running, pool size = 4, active threads = 0, queued tasks = 0, completed tasks = 2355]
18:56:14:291  INFO 19120 --- [SpringApplicationShutdownHook] com.zaxxer.hikari.HikariDataSource       : HikariPool-1 - Shutdown initiated...
18:56:14:418  INFO 19120 --- [SpringApplicationShutdownHook] com.zaxxer.hikari.HikariDataSource       : HikariPool-1 - Shutdown completed.
